Arguments: 
  /usr/local/Cellar/node/13.13.0_1/bin/node /usr/local/Cellar/yarn/1.22.4/libexec/bin/yarn.js add oauth-1.0

PATH: 
  /Users/axylos/.rbenv/shims:/Users/axylos/.rbenv/bin:/Users/axylos/.cargo/bin:/Users/axylos/.cargo/bin:/usr/local/bin:/usr/bin:/bin:/usr/sbin:/sbin:/Users/axylos/.rbenv/shims:/Users/axylos/.rbenv/bin:/Users/axylos/.cargo/bin:/Users/axylos/.sdkman/candidates/kotlin/current/bin

Yarn version: 
  1.22.4

Node version: 
  13.13.0

Platform: 
  darwin x64

Trace: 
  Error: https://registry.yarnpkg.com/oauth-1.0: Not found
      at Request.params.callback [as _callback] (/usr/local/Cellar/yarn/1.22.4/libexec/lib/cli.js:66987:18)
      at Request.self.callback (/usr/local/Cellar/yarn/1.22.4/libexec/lib/cli.js:140748:22)
      at Request.emit (events.js:315:20)
      at Request.<anonymous> (/usr/local/Cellar/yarn/1.22.4/libexec/lib/cli.js:141720:10)
      at Request.emit (events.js:315:20)
      at IncomingMessage.<anonymous> (/usr/local/Cellar/yarn/1.22.4/libexec/lib/cli.js:141642:12)
      at Object.onceWrapper (events.js:421:28)
      at IncomingMessage.emit (events.js:327:22)
      at endReadableNT (_stream_readable.js:1201:12)
      at processTicksAndRejections (internal/process/task_queues.js:84:21)

npm manifest: 
  {
    "name": "twitter",
    "version": "1.0.0",
    "main": "index.js",
    "license": "MIT"
  }

yarn manifest: 
  No manifest

Lockfile: 
  No lockfile
